{"C:\\Users\\arthu\\Documents\\Code\\React\\shiny-agency\\src\\components\\Footer\\index.jsx": {"path":"C:\\Users\\arthu\\Documents\\Code\\React\\shiny-agency\\src\\components\\Footer\\index.jsx","statementMap":{"0":{"start":{"line":6,"column":24},"end":{"line":12,"column":1}},"1":{"start":{"line":14,"column":24},"end":{"line":19,"column":1}},"2":{"start":{"line":22,"column":35},"end":{"line":22,"column":45}},"3":{"start":{"line":23,"column":4},"end":{"line":29,"column":5}},"4":{"start":{"line":25,"column":40},"end":{"line":25,"column":53}}},"fnMap":{"0":{"name":"Footer","decl":{"start":{"line":21,"column":9},"end":{"line":21,"column":15}},"loc":{"start":{"line":21,"column":18},"end":{"line":30,"column":1}},"line":21},"1":{"name":"(anonymous_1)","decl":{"start":{"line":25,"column":34},"end":{"line":25,"column":35}},"loc":{"start":{"line":25,"column":40},"end":{"line":25,"column":53}},"line":25}},"branchMap":{"0":{"loc":{"start":{"line":26,"column":31},"end":{"line":26,"column":62}},"type":"cond-expr","locations":[{"start":{"line":26,"column":51},"end":{"line":26,"column":55}},{"start":{"line":26,"column":58},"end":{"line":26,"column":62}}],"line":26}},"s":{"0":1,"1":1,"2":3,"3":3,"4":1},"f":{"0":3,"1":1},"b":{"0":[2,1]},"_coverageSchema":"1a1c01bbd47fc00a2c39e90264f33305004495a9","hash":"f065971445cd8833e6083f7972a246645379a065"}
,"C:\\Users\\arthu\\Documents\\Code\\React\\shiny-agency\\src\\utils\\context\\index.jsx": {"path":"C:\\Users\\arthu\\Documents\\Code\\React\\shiny-agency\\src\\utils\\context\\index.jsx","statementMap":{"0":{"start":{"line":3,"column":28},"end":{"line":3,"column":43}},"1":{"start":{"line":5,"column":29},"end":{"line":16,"column":1}},"2":{"start":{"line":6,"column":28},"end":{"line":6,"column":45}},"3":{"start":{"line":7,"column":22},"end":{"line":9,"column":3}},"4":{"start":{"line":8,"column":4},"end":{"line":8,"column":50}},"5":{"start":{"line":11,"column":2},"end":{"line":15,"column":3}},"6":{"start":{"line":18,"column":29},"end":{"line":18,"column":44}},"7":{"start":{"line":20,"column":30},"end":{"line":31,"column":1}},"8":{"start":{"line":21,"column":32},"end":{"line":21,"column":44}},"9":{"start":{"line":22,"column":22},"end":{"line":24,"column":3}},"10":{"start":{"line":23,"column":4},"end":{"line":23,"column":45}},"11":{"start":{"line":26,"column":2},"end":{"line":30,"column":3}}},"fnMap":{"0":{"name":"(anonymous_0)","decl":{"start":{"line":5,"column":29},"end":{"line":5,"column":30}},"loc":{"start":{"line":5,"column":47},"end":{"line":16,"column":1}},"line":5},"1":{"name":"(anonymous_1)","decl":{"start":{"line":7,"column":22},"end":{"line":7,"column":23}},"loc":{"start":{"line":7,"column":28},"end":{"line":9,"column":3}},"line":7},"2":{"name":"(anonymous_2)","decl":{"start":{"line":20,"column":30},"end":{"line":20,"column":31}},"loc":{"start":{"line":20,"column":48},"end":{"line":31,"column":1}},"line":20},"3":{"name":"(anonymous_3)","decl":{"start":{"line":22,"column":22},"end":{"line":22,"column":23}},"loc":{"start":{"line":22,"column":38},"end":{"line":24,"column":3}},"line":22}},"branchMap":{"0":{"loc":{"start":{"line":8,"column":13},"end":{"line":8,"column":49}},"type":"cond-expr","locations":[{"start":{"line":8,"column":33},"end":{"line":8,"column":39}},{"start":{"line":8,"column":42},"end":{"line":8,"column":49}}],"line":8}},"s":{"0":1,"1":1,"2":3,"3":3,"4":1,"5":3,"6":1,"7":1,"8":0,"9":0,"10":0,"11":0},"f":{"0":3,"1":1,"2":0,"3":0},"b":{"0":[1,0]},"_coverageSchema":"1a1c01bbd47fc00a2c39e90264f33305004495a9","hash":"d3667e2ff2bf905c592b0e9bd435a27f63cf31d9"}
}
