{"C:\\Users\\arthu\\Documents\\Code\\React\\shiny-agency\\src\\pages\\Results\\index.jsx": {"path":"C:\\Users\\arthu\\Documents\\Code\\React\\shiny-agency\\src\\pages\\Results\\index.jsx","statementMap":{"0":{"start":{"line":9,"column":25},"end":{"line":17,"column":1}},"1":{"start":{"line":16,"column":4},"end":{"line":16,"column":70}},"2":{"start":{"line":19,"column":21},"end":{"line":28,"column":1}},"3":{"start":{"line":20,"column":27},"end":{"line":20,"column":68}},"4":{"start":{"line":30,"column":27},"end":{"line":32,"column":1}},"5":{"start":{"line":34,"column":17},"end":{"line":38,"column":1}},"6":{"start":{"line":36,"column":4},"end":{"line":36,"column":63}},"7":{"start":{"line":40,"column":23},"end":{"line":49,"column":1}},"8":{"start":{"line":43,"column":29},"end":{"line":43,"column":77}},"9":{"start":{"line":51,"column":22},"end":{"line":54,"column":1}},"10":{"start":{"line":57,"column":24},"end":{"line":57,"column":44}},"11":{"start":{"line":59,"column":2},"end":{"line":63,"column":8}},"12":{"start":{"line":60,"column":25},"end":{"line":60,"column":36}},"13":{"start":{"line":61,"column":22},"end":{"line":61,"column":45}},"14":{"start":{"line":62,"column":4},"end":{"line":62,"column":83}},"15":{"start":{"line":67,"column":2},"end":{"line":69,"column":3}},"16":{"start":{"line":68,"column":4},"end":{"line":68,"column":17}},"17":{"start":{"line":70,"column":2},"end":{"line":70,"column":21}},"18":{"start":{"line":74,"column":20},"end":{"line":74,"column":44}},"19":{"start":{"line":75,"column":22},"end":{"line":75,"column":47}},"20":{"start":{"line":76,"column":22},"end":{"line":76,"column":48}},"21":{"start":{"line":78,"column":37},"end":{"line":80,"column":3}},"22":{"start":{"line":82,"column":2},"end":{"line":84,"column":3}},"23":{"start":{"line":83,"column":4},"end":{"line":83,"column":43}},"24":{"start":{"line":86,"column":22},"end":{"line":86,"column":39}},"25":{"start":{"line":88,"column":2},"end":{"line":122,"column":4}},"26":{"start":{"line":98,"column":12},"end":{"line":103,"column":23}},"27":{"start":{"line":112,"column":12},"end":{"line":118,"column":29}}},"fnMap":{"0":{"name":"(anonymous_0)","decl":{"start":{"line":15,"column":22},"end":{"line":15,"column":23}},"loc":{"start":{"line":16,"column":4},"end":{"line":16,"column":70}},"line":16},"1":{"name":"(anonymous_1)","decl":{"start":{"line":20,"column":11},"end":{"line":20,"column":12}},"loc":{"start":{"line":20,"column":27},"end":{"line":20,"column":68}},"line":20},"2":{"name":"(anonymous_2)","decl":{"start":{"line":35,"column":11},"end":{"line":35,"column":12}},"loc":{"start":{"line":36,"column":4},"end":{"line":36,"column":63}},"line":36},"3":{"name":"(anonymous_3)","decl":{"start":{"line":43,"column":13},"end":{"line":43,"column":14}},"loc":{"start":{"line":43,"column":29},"end":{"line":43,"column":77}},"line":43},"4":{"name":"formatQueryParams","decl":{"start":{"line":56,"column":16},"end":{"line":56,"column":33}},"loc":{"start":{"line":56,"column":43},"end":{"line":64,"column":1}},"line":56},"5":{"name":"(anonymous_5)","decl":{"start":{"line":59,"column":30},"end":{"line":59,"column":31}},"loc":{"start":{"line":59,"column":71},"end":{"line":63,"column":3}},"line":59},"6":{"name":"formatJobList","decl":{"start":{"line":66,"column":16},"end":{"line":66,"column":29}},"loc":{"start":{"line":66,"column":56},"end":{"line":71,"column":1}},"line":66},"7":{"name":"Results","decl":{"start":{"line":73,"column":9},"end":{"line":73,"column":16}},"loc":{"start":{"line":73,"column":19},"end":{"line":123,"column":1}},"line":73},"8":{"name":"(anonymous_8)","decl":{"start":{"line":97,"column":26},"end":{"line":97,"column":27}},"loc":{"start":{"line":98,"column":12},"end":{"line":103,"column":23}},"line":98},"9":{"name":"(anonymous_9)","decl":{"start":{"line":111,"column":26},"end":{"line":111,"column":27}},"loc":{"start":{"line":112,"column":12},"end":{"line":118,"column":29}},"line":112}},"branchMap":{"0":{"loc":{"start":{"line":16,"column":4},"end":{"line":16,"column":70}},"type":"cond-expr","locations":[{"start":{"line":16,"column":24},"end":{"line":16,"column":46}},{"start":{"line":16,"column":49},"end":{"line":16,"column":70}}],"line":16},"1":{"loc":{"start":{"line":20,"column":27},"end":{"line":20,"column":68}},"type":"cond-expr","locations":[{"start":{"line":20,"column":47},"end":{"line":20,"column":56}},{"start":{"line":20,"column":59},"end":{"line":20,"column":68}}],"line":20},"2":{"loc":{"start":{"line":36,"column":4},"end":{"line":36,"column":63}},"type":"cond-expr","locations":[{"start":{"line":36,"column":24},"end":{"line":36,"column":38}},{"start":{"line":36,"column":41},"end":{"line":36,"column":63}}],"line":36},"3":{"loc":{"start":{"line":43,"column":29},"end":{"line":43,"column":77}},"type":"cond-expr","locations":[{"start":{"line":43,"column":49},"end":{"line":43,"column":65}},{"start":{"line":43,"column":68},"end":{"line":43,"column":77}}],"line":43},"4":{"loc":{"start":{"line":61,"column":22},"end":{"line":61,"column":45}},"type":"cond-expr","locations":[{"start":{"line":61,"column":37},"end":{"line":61,"column":39}},{"start":{"line":61,"column":42},"end":{"line":61,"column":45}}],"line":61},"5":{"loc":{"start":{"line":67,"column":2},"end":{"line":69,"column":3}},"type":"if","locations":[{"start":{"line":67,"column":2},"end":{"line":69,"column":3}},{"start":{},"end":{}}],"line":67},"6":{"loc":{"start":{"line":82,"column":2},"end":{"line":84,"column":3}},"type":"if","locations":[{"start":{"line":82,"column":2},"end":{"line":84,"column":3}},{"start":{},"end":{}}],"line":82},"7":{"loc":{"start":{"line":88,"column":9},"end":{"line":122,"column":3}},"type":"cond-expr","locations":[{"start":{"line":89,"column":4},"end":{"line":91,"column":20}},{"start":{"line":93,"column":4},"end":{"line":121,"column":23}}],"line":88},"8":{"loc":{"start":{"line":96,"column":9},"end":{"line":104,"column":12}},"type":"binary-expr","locations":[{"start":{"line":96,"column":9},"end":{"line":96,"column":20}},{"start":{"line":97,"column":10},"end":{"line":104,"column":12}}],"line":96},"9":{"loc":{"start":{"line":110,"column":9},"end":{"line":119,"column":12}},"type":"binary-expr","locations":[{"start":{"line":110,"column":9},"end":{"line":110,"column":20}},{"start":{"line":111,"column":10},"end":{"line":119,"column":12}}],"line":110}},"s":{"0":1,"1":0,"2":1,"3":0,"4":1,"5":1,"6":0,"7":1,"8":0,"9":1,"10":1,"11":1,"12":2,"13":2,"14":2,"15":2,"16":1,"17":1,"18":0,"19":0,"20":0,"21":0,"22":0,"23":0,"24":0,"25":0,"26":0,"27":0},"f":{"0":0,"1":0,"2":0,"3":0,"4":1,"5":2,"6":2,"7":0,"8":0,"9":0},"b":{"0":[0,0],"1":[0,0],"2":[0,0],"3":[0,0],"4":[1,1],"5":[1,1],"6":[0,0],"7":[0,0],"8":[0,0],"9":[0,0]},"_coverageSchema":"1a1c01bbd47fc00a2c39e90264f33305004495a9","hash":"cd3f55430ac322f537dcb17f544fb2161f464260"}
}
