TN:
SF:src\pages\Results\index.jsx
FN:15,(anonymous_0)
FN:20,(anonymous_1)
FN:35,(anonymous_2)
FN:43,(anonymous_3)
FN:56,formatQueryParams
FN:59,(anonymous_5)
FN:66,formatJobList
FN:73,Results
FN:97,(anonymous_8)
FN:111,(anonymous_9)
FNF:10
FNH:3
FNDA:0,(anonymous_0)
FNDA:0,(anonymous_1)
FNDA:0,(anonymous_2)
FNDA:0,(anonymous_3)
FNDA:1,formatQueryParams
FNDA:2,(anonymous_5)
FNDA:2,formatJobList
FNDA:0,Results
FNDA:0,(anonymous_8)
FNDA:0,(anonymous_9)
DA:9,1
DA:16,0
DA:19,1
DA:20,0
DA:30,1
DA:34,1
DA:36,0
DA:40,1
DA:43,0
DA:51,1
DA:57,1
DA:59,1
DA:60,2
DA:61,2
DA:62,2
DA:67,2
DA:68,1
DA:70,1
DA:74,0
DA:75,0
DA:76,0
DA:78,0
DA:82,0
DA:83,0
DA:86,0
DA:88,0
DA:98,0
DA:112,0
LF:28
LH:14
BRDA:16,0,0,0
BRDA:16,0,1,0
BRDA:20,1,0,0
BRDA:20,1,1,0
BRDA:36,2,0,0
BRDA:36,2,1,0
BRDA:43,3,0,0
BRDA:43,3,1,0
BRDA:61,4,0,1
BRDA:61,4,1,1
BRDA:67,5,0,1
BRDA:67,5,1,1
BRDA:82,6,0,0
BRDA:82,6,1,0
BRDA:88,7,0,0
BRDA:88,7,1,0
BRDA:96,8,0,0
BRDA:96,8,1,0
BRDA:110,9,0,0
BRDA:110,9,1,0
BRF:20
BRH:4
end_of_record
